d:\programming\cpp\projects\exptrc\exptrc\x64\debug\expense.obj
d:\programming\cpp\projects\exptrc\exptrc\x64\debug\combobox.obj
d:\programming\cpp\projects\exptrc\exptrc\x64\debug\mainwindow.obj
d:\programming\cpp\projects\exptrc\exptrc\x64\debug\user.obj
d:\programming\cpp\projects\exptrc\exptrc\x64\debug\loginwindow.obj
d:\programming\cpp\projects\exptrc\exptrc\x64\debug\checkbox.obj
d:\programming\cpp\projects\exptrc\exptrc\x64\debug\main.obj
d:\programming\cpp\projects\exptrc\exptrc\x64\debug\textbox.obj
d:\programming\cpp\projects\exptrc\exptrc\x64\debug\json.obj
d:\programming\cpp\projects\exptrc\exptrc\x64\debug\listbox.obj
d:\programming\cpp\projects\exptrc\exptrc\x64\debug\spinbox.obj
d:\programming\cpp\projects\exptrc\exptrc\x64\debug\config.obj
d:\programming\cpp\projects\exptrc\exptrc\x64\debug\button.obj
d:\programming\cpp\projects\exptrc\exptrc\x64\debug\plaintext.obj
d:\programming\cpp\projects\exptrc\exptrc\x64\debug\timer.obj
d:\programming\cpp\projects\exptrc\exptrc\x64\debug\vc142.pdb
d:\programming\cpp\projects\exptrc\exptrc\x64\debug\moc_combobox.obj
d:\programming\cpp\projects\exptrc\exptrc\x64\debug\moc_spinbox.obj
d:\programming\cpp\projects\exptrc\exptrc\x64\debug\moc_button.obj
d:\programming\cpp\projects\exptrc\exptrc\x64\debug\moc_plaintext.obj
d:\programming\cpp\projects\exptrc\exptrc\x64\debug\moc_checkbox.obj
d:\programming\cpp\projects\exptrc\exptrc\x64\debug\moc_mainwindow.obj
d:\programming\cpp\projects\exptrc\exptrc\x64\debug\moc_textbox.obj
d:\programming\cpp\projects\exptrc\exptrc\x64\debug\qrc_mainwindow.obj
d:\programming\cpp\projects\exptrc\exptrc\x64\debug\moc_listbox.obj
d:\programming\cpp\projects\exptrc\exptrc\x64\debug\moc_loginwindow.obj
d:\programming\cpp\projects\exptrc\exptrc\x64\debug\uic\form\ui_loginwindow.h
d:\programming\cpp\projects\exptrc\exptrc\x64\debug\uic\form\ui_mainwindow.h
d:\programming\cpp\projects\exptrc\exptrc\x64\debug\rcc\qrc_mainwindow.cpp
d:\programming\cpp\projects\exptrc\exptrc\x64\debug\moc\header\moc_mainwindow.cpp
d:\programming\cpp\projects\exptrc\exptrc\x64\debug\moc\header\moc_button.cpp
d:\programming\cpp\projects\exptrc\exptrc\x64\debug\moc\header\moc_combobox.cpp
d:\programming\cpp\projects\exptrc\exptrc\x64\debug\moc\header\moc_listbox.cpp
d:\programming\cpp\projects\exptrc\exptrc\x64\debug\moc\header\moc_plaintext.cpp
d:\programming\cpp\projects\exptrc\exptrc\x64\debug\moc\header\moc_spinbox.cpp
d:\programming\cpp\projects\exptrc\exptrc\x64\debug\moc\header\moc_loginwindow.cpp
d:\programming\cpp\projects\exptrc\exptrc\x64\debug\moc\header\moc_textbox.cpp
d:\programming\cpp\projects\exptrc\exptrc\x64\debug\moc\header\moc_checkbox.cpp
d:\programming\cpp\projects\exptrc\x64\debug\exptrc.exe
d:\programming\cpp\projects\exptrc\x64\debug\exptrc.ilk
d:\programming\cpp\projects\exptrc\x64\debug\exptrc.pdb
d:\programming\cpp\projects\exptrc\exptrc\x64\debug\\moc\header\moc_mainwindow.cpp
d:\programming\cpp\projects\exptrc\exptrc\x64\debug\\moc\header\moc_button.cpp
d:\programming\cpp\projects\exptrc\exptrc\x64\debug\\moc\header\moc_combobox.cpp
d:\programming\cpp\projects\exptrc\exptrc\x64\debug\\moc\header\moc_listbox.cpp
d:\programming\cpp\projects\exptrc\exptrc\x64\debug\\moc\header\moc_plaintext.cpp
d:\programming\cpp\projects\exptrc\exptrc\x64\debug\\moc\header\moc_spinbox.cpp
d:\programming\cpp\projects\exptrc\exptrc\x64\debug\\moc\header\moc_loginwindow.cpp
d:\programming\cpp\projects\exptrc\exptrc\x64\debug\\moc\header\moc_textbox.cpp
d:\programming\cpp\projects\exptrc\exptrc\x64\debug\\moc\header\moc_checkbox.cpp
d:\programming\cpp\projects\exptrc\exptrc\x64\debug\\rcc\qrc_mainwindow.cpp
d:\programming\cpp\projects\exptrc\exptrc\x64\debug\\uic\form\ui_loginwindow.h
d:\programming\cpp\projects\exptrc\exptrc\x64\debug\\uic\form\ui_mainwindow.h
d:\programming\cpp\projects\exptrc\exptrc\x64\debug\database.obj
d:\programming\cpp\projects\exptrc\exptrc\x64\debug\declarations.obj
d:\programming\cpp\projects\exptrc\exptrc\x64\debug\exptrc.tlog\cl.command.1.tlog
d:\programming\cpp\projects\exptrc\exptrc\x64\debug\exptrc.tlog\cl.read.1.tlog
d:\programming\cpp\projects\exptrc\exptrc\x64\debug\exptrc.tlog\cl.write.1.tlog
d:\programming\cpp\projects\exptrc\exptrc\x64\debug\exptrc.tlog\exptrc.write.1u.tlog
d:\programming\cpp\projects\exptrc\exptrc\x64\debug\exptrc.tlog\link.10004.delete.1.tlog
d:\programming\cpp\projects\exptrc\exptrc\x64\debug\exptrc.tlog\link.10056.delete.1.tlog
d:\programming\cpp\projects\exptrc\exptrc\x64\debug\exptrc.tlog\link.10084.delete.1.tlog
d:\programming\cpp\projects\exptrc\exptrc\x64\debug\exptrc.tlog\link.10096.delete.1.tlog
d:\programming\cpp\projects\exptrc\exptrc\x64\debug\exptrc.tlog\link.10188.delete.1.tlog
d:\programming\cpp\projects\exptrc\exptrc\x64\debug\exptrc.tlog\link.10256.delete.1.tlog
d:\programming\cpp\projects\exptrc\exptrc\x64\debug\exptrc.tlog\link.10372.delete.1.tlog
d:\programming\cpp\projects\exptrc\exptrc\x64\debug\exptrc.tlog\link.10696.delete.1.tlog
d:\programming\cpp\projects\exptrc\exptrc\x64\debug\exptrc.tlog\link.10712.delete.1.tlog
d:\programming\cpp\projects\exptrc\exptrc\x64\debug\exptrc.tlog\link.10776.delete.1.tlog
d:\programming\cpp\projects\exptrc\exptrc\x64\debug\exptrc.tlog\link.10828.delete.1.tlog
d:\programming\cpp\projects\exptrc\exptrc\x64\debug\exptrc.tlog\link.10896.delete.1.tlog
d:\programming\cpp\projects\exptrc\exptrc\x64\debug\exptrc.tlog\link.11152.delete.1.tlog
d:\programming\cpp\projects\exptrc\exptrc\x64\debug\exptrc.tlog\link.11160.delete.1.tlog
d:\programming\cpp\projects\exptrc\exptrc\x64\debug\exptrc.tlog\link.11180.delete.1.tlog
d:\programming\cpp\projects\exptrc\exptrc\x64\debug\exptrc.tlog\link.11372.delete.1.tlog
d:\programming\cpp\projects\exptrc\exptrc\x64\debug\exptrc.tlog\link.11532.delete.1.tlog
d:\programming\cpp\projects\exptrc\exptrc\x64\debug\exptrc.tlog\link.11548.delete.1.tlog
d:\programming\cpp\projects\exptrc\exptrc\x64\debug\exptrc.tlog\link.11672.delete.1.tlog
d:\programming\cpp\projects\exptrc\exptrc\x64\debug\exptrc.tlog\link.11712.delete.1.tlog
d:\programming\cpp\projects\exptrc\exptrc\x64\debug\exptrc.tlog\link.11744.delete.1.tlog
d:\programming\cpp\projects\exptrc\exptrc\x64\debug\exptrc.tlog\link.11904.delete.1.tlog
d:\programming\cpp\projects\exptrc\exptrc\x64\debug\exptrc.tlog\link.11916.delete.1.tlog
d:\programming\cpp\projects\exptrc\exptrc\x64\debug\exptrc.tlog\link.11988.delete.1.tlog
d:\programming\cpp\projects\exptrc\exptrc\x64\debug\exptrc.tlog\link.12104.delete.1.tlog
d:\programming\cpp\projects\exptrc\exptrc\x64\debug\exptrc.tlog\link.12252.delete.1.tlog
d:\programming\cpp\projects\exptrc\exptrc\x64\debug\exptrc.tlog\link.12304.delete.1.tlog
d:\programming\cpp\projects\exptrc\exptrc\x64\debug\exptrc.tlog\link.12388.delete.1.tlog
d:\programming\cpp\projects\exptrc\exptrc\x64\debug\exptrc.tlog\link.12568.delete.1.tlog
d:\programming\cpp\projects\exptrc\exptrc\x64\debug\exptrc.tlog\link.12724.delete.1.tlog
d:\programming\cpp\projects\exptrc\exptrc\x64\debug\exptrc.tlog\link.128.delete.1.tlog
d:\programming\cpp\projects\exptrc\exptrc\x64\debug\exptrc.tlog\link.12880.delete.1.tlog
d:\programming\cpp\projects\exptrc\exptrc\x64\debug\exptrc.tlog\link.12888.delete.1.tlog
d:\programming\cpp\projects\exptrc\exptrc\x64\debug\exptrc.tlog\link.12952.delete.1.tlog
d:\programming\cpp\projects\exptrc\exptrc\x64\debug\exptrc.tlog\link.12988.delete.1.tlog
d:\programming\cpp\projects\exptrc\exptrc\x64\debug\exptrc.tlog\link.13012.delete.1.tlog
d:\programming\cpp\projects\exptrc\exptrc\x64\debug\exptrc.tlog\link.13064.delete.1.tlog
d:\programming\cpp\projects\exptrc\exptrc\x64\debug\exptrc.tlog\link.13104.delete.1.tlog
d:\programming\cpp\projects\exptrc\exptrc\x64\debug\exptrc.tlog\link.13108.delete.1.tlog
d:\programming\cpp\projects\exptrc\exptrc\x64\debug\exptrc.tlog\link.1320.delete.1.tlog
d:\programming\cpp\projects\exptrc\exptrc\x64\debug\exptrc.tlog\link.13360.delete.1.tlog
d:\programming\cpp\projects\exptrc\exptrc\x64\debug\exptrc.tlog\link.13512.delete.1.tlog
d:\programming\cpp\projects\exptrc\exptrc\x64\debug\exptrc.tlog\link.1356.delete.1.tlog
d:\programming\cpp\projects\exptrc\exptrc\x64\debug\exptrc.tlog\link.13612.delete.1.tlog
d:\programming\cpp\projects\exptrc\exptrc\x64\debug\exptrc.tlog\link.13908.delete.1.tlog
d:\programming\cpp\projects\exptrc\exptrc\x64\debug\exptrc.tlog\link.1392.delete.1.tlog
d:\programming\cpp\projects\exptrc\exptrc\x64\debug\exptrc.tlog\link.13936.delete.1.tlog
d:\programming\cpp\projects\exptrc\exptrc\x64\debug\exptrc.tlog\link.1448.delete.1.tlog
d:\programming\cpp\projects\exptrc\exptrc\x64\debug\exptrc.tlog\link.14560.delete.1.tlog
d:\programming\cpp\projects\exptrc\exptrc\x64\debug\exptrc.tlog\link.14640.delete.1.tlog
d:\programming\cpp\projects\exptrc\exptrc\x64\debug\exptrc.tlog\link.14644.delete.1.tlog
d:\programming\cpp\projects\exptrc\exptrc\x64\debug\exptrc.tlog\link.14648.delete.1.tlog
d:\programming\cpp\projects\exptrc\exptrc\x64\debug\exptrc.tlog\link.14688.delete.1.tlog
d:\programming\cpp\projects\exptrc\exptrc\x64\debug\exptrc.tlog\link.14792.delete.1.tlog
d:\programming\cpp\projects\exptrc\exptrc\x64\debug\exptrc.tlog\link.14876.delete.1.tlog
d:\programming\cpp\projects\exptrc\exptrc\x64\debug\exptrc.tlog\link.14952.delete.1.tlog
d:\programming\cpp\projects\exptrc\exptrc\x64\debug\exptrc.tlog\link.14972.delete.1.tlog
d:\programming\cpp\projects\exptrc\exptrc\x64\debug\exptrc.tlog\link.15120.delete.1.tlog
d:\programming\cpp\projects\exptrc\exptrc\x64\debug\exptrc.tlog\link.1536.delete.1.tlog
d:\programming\cpp\projects\exptrc\exptrc\x64\debug\exptrc.tlog\link.15580.delete.1.tlog
d:\programming\cpp\projects\exptrc\exptrc\x64\debug\exptrc.tlog\link.15604.delete.1.tlog
d:\programming\cpp\projects\exptrc\exptrc\x64\debug\exptrc.tlog\link.15768.delete.1.tlog
d:\programming\cpp\projects\exptrc\exptrc\x64\debug\exptrc.tlog\link.15864.delete.1.tlog
d:\programming\cpp\projects\exptrc\exptrc\x64\debug\exptrc.tlog\link.15896.delete.1.tlog
d:\programming\cpp\projects\exptrc\exptrc\x64\debug\exptrc.tlog\link.15928.delete.1.tlog
d:\programming\cpp\projects\exptrc\exptrc\x64\debug\exptrc.tlog\link.16072.delete.1.tlog
d:\programming\cpp\projects\exptrc\exptrc\x64\debug\exptrc.tlog\link.16340.delete.1.tlog
d:\programming\cpp\projects\exptrc\exptrc\x64\debug\exptrc.tlog\link.16404.delete.1.tlog
d:\programming\cpp\projects\exptrc\exptrc\x64\debug\exptrc.tlog\link.1644.delete.1.tlog
d:\programming\cpp\projects\exptrc\exptrc\x64\debug\exptrc.tlog\link.16592.delete.1.tlog
d:\programming\cpp\projects\exptrc\exptrc\x64\debug\exptrc.tlog\link.16672.delete.1.tlog
d:\programming\cpp\projects\exptrc\exptrc\x64\debug\exptrc.tlog\link.16676.delete.1.tlog
d:\programming\cpp\projects\exptrc\exptrc\x64\debug\exptrc.tlog\link.16804.delete.1.tlog
d:\programming\cpp\projects\exptrc\exptrc\x64\debug\exptrc.tlog\link.16940.delete.1.tlog
d:\programming\cpp\projects\exptrc\exptrc\x64\debug\exptrc.tlog\link.17004.delete.1.tlog
d:\programming\cpp\projects\exptrc\exptrc\x64\debug\exptrc.tlog\link.1704.delete.1.tlog
d:\programming\cpp\projects\exptrc\exptrc\x64\debug\exptrc.tlog\link.1708.delete.1.tlog
d:\programming\cpp\projects\exptrc\exptrc\x64\debug\exptrc.tlog\link.17112.delete.1.tlog
d:\programming\cpp\projects\exptrc\exptrc\x64\debug\exptrc.tlog\link.17144.delete.1.tlog
d:\programming\cpp\projects\exptrc\exptrc\x64\debug\exptrc.tlog\link.17352.delete.1.tlog
d:\programming\cpp\projects\exptrc\exptrc\x64\debug\exptrc.tlog\link.1756.delete.1.tlog
d:\programming\cpp\projects\exptrc\exptrc\x64\debug\exptrc.tlog\link.17864.delete.1.tlog
d:\programming\cpp\projects\exptrc\exptrc\x64\debug\exptrc.tlog\link.18148.delete.1.tlog
d:\programming\cpp\projects\exptrc\exptrc\x64\debug\exptrc.tlog\link.18392.delete.1.tlog
d:\programming\cpp\projects\exptrc\exptrc\x64\debug\exptrc.tlog\link.2068.delete.1.tlog
d:\programming\cpp\projects\exptrc\exptrc\x64\debug\exptrc.tlog\link.2144.delete.1.tlog
d:\programming\cpp\projects\exptrc\exptrc\x64\debug\exptrc.tlog\link.21980.delete.1.tlog
d:\programming\cpp\projects\exptrc\exptrc\x64\debug\exptrc.tlog\link.2760.delete.1.tlog
d:\programming\cpp\projects\exptrc\exptrc\x64\debug\exptrc.tlog\link.3216.delete.1.tlog
d:\programming\cpp\projects\exptrc\exptrc\x64\debug\exptrc.tlog\link.3312.delete.1.tlog
d:\programming\cpp\projects\exptrc\exptrc\x64\debug\exptrc.tlog\link.3376.delete.1.tlog
d:\programming\cpp\projects\exptrc\exptrc\x64\debug\exptrc.tlog\link.3536.delete.1.tlog
d:\programming\cpp\projects\exptrc\exptrc\x64\debug\exptrc.tlog\link.3616.delete.1.tlog
d:\programming\cpp\projects\exptrc\exptrc\x64\debug\exptrc.tlog\link.3780.delete.1.tlog
d:\programming\cpp\projects\exptrc\exptrc\x64\debug\exptrc.tlog\link.3916.delete.1.tlog
d:\programming\cpp\projects\exptrc\exptrc\x64\debug\exptrc.tlog\link.4036.delete.1.tlog
d:\programming\cpp\projects\exptrc\exptrc\x64\debug\exptrc.tlog\link.4140.delete.1.tlog
d:\programming\cpp\projects\exptrc\exptrc\x64\debug\exptrc.tlog\link.4328.delete.1.tlog
d:\programming\cpp\projects\exptrc\exptrc\x64\debug\exptrc.tlog\link.4616.delete.1.tlog
d:\programming\cpp\projects\exptrc\exptrc\x64\debug\exptrc.tlog\link.5292.delete.1.tlog
d:\programming\cpp\projects\exptrc\exptrc\x64\debug\exptrc.tlog\link.5624.delete.1.tlog
d:\programming\cpp\projects\exptrc\exptrc\x64\debug\exptrc.tlog\link.5900.delete.1.tlog
d:\programming\cpp\projects\exptrc\exptrc\x64\debug\exptrc.tlog\link.6184.delete.1.tlog
d:\programming\cpp\projects\exptrc\exptrc\x64\debug\exptrc.tlog\link.6384.delete.1.tlog
d:\programming\cpp\projects\exptrc\exptrc\x64\debug\exptrc.tlog\link.6408.delete.1.tlog
d:\programming\cpp\projects\exptrc\exptrc\x64\debug\exptrc.tlog\link.6412.delete.1.tlog
d:\programming\cpp\projects\exptrc\exptrc\x64\debug\exptrc.tlog\link.6476.delete.1.tlog
d:\programming\cpp\projects\exptrc\exptrc\x64\debug\exptrc.tlog\link.6536.delete.1.tlog
d:\programming\cpp\projects\exptrc\exptrc\x64\debug\exptrc.tlog\link.6540.delete.1.tlog
d:\programming\cpp\projects\exptrc\exptrc\x64\debug\exptrc.tlog\link.6932.delete.1.tlog
d:\programming\cpp\projects\exptrc\exptrc\x64\debug\exptrc.tlog\link.7332.delete.1.tlog
d:\programming\cpp\projects\exptrc\exptrc\x64\debug\exptrc.tlog\link.7496.delete.1.tlog
d:\programming\cpp\projects\exptrc\exptrc\x64\debug\exptrc.tlog\link.7532.delete.1.tlog
d:\programming\cpp\projects\exptrc\exptrc\x64\debug\exptrc.tlog\link.7548.delete.1.tlog
d:\programming\cpp\projects\exptrc\exptrc\x64\debug\exptrc.tlog\link.7552.delete.1.tlog
d:\programming\cpp\projects\exptrc\exptrc\x64\debug\exptrc.tlog\link.7572.delete.1.tlog
d:\programming\cpp\projects\exptrc\exptrc\x64\debug\exptrc.tlog\link.7860.delete.1.tlog
d:\programming\cpp\projects\exptrc\exptrc\x64\debug\exptrc.tlog\link.8464.delete.1.tlog
d:\programming\cpp\projects\exptrc\exptrc\x64\debug\exptrc.tlog\link.8524.delete.1.tlog
d:\programming\cpp\projects\exptrc\exptrc\x64\debug\exptrc.tlog\link.8652.delete.1.tlog
d:\programming\cpp\projects\exptrc\exptrc\x64\debug\exptrc.tlog\link.8696.delete.1.tlog
d:\programming\cpp\projects\exptrc\exptrc\x64\debug\exptrc.tlog\link.8784.delete.1.tlog
d:\programming\cpp\projects\exptrc\exptrc\x64\debug\exptrc.tlog\link.8944.delete.1.tlog
d:\programming\cpp\projects\exptrc\exptrc\x64\debug\exptrc.tlog\link.9016.delete.1.tlog
d:\programming\cpp\projects\exptrc\exptrc\x64\debug\exptrc.tlog\link.9476.delete.1.tlog
d:\programming\cpp\projects\exptrc\exptrc\x64\debug\exptrc.tlog\link.9484.delete.1.tlog
d:\programming\cpp\projects\exptrc\exptrc\x64\debug\exptrc.tlog\link.9496.delete.1.tlog
d:\programming\cpp\projects\exptrc\exptrc\x64\debug\exptrc.tlog\link.956.delete.1.tlog
d:\programming\cpp\projects\exptrc\exptrc\x64\debug\exptrc.tlog\link.9660.delete.1.tlog
d:\programming\cpp\projects\exptrc\exptrc\x64\debug\exptrc.tlog\link.9716.delete.1.tlog
d:\programming\cpp\projects\exptrc\exptrc\x64\debug\exptrc.tlog\link.9820.delete.1.tlog
d:\programming\cpp\projects\exptrc\exptrc\x64\debug\exptrc.tlog\link.9832.delete.1.tlog
d:\programming\cpp\projects\exptrc\exptrc\x64\debug\exptrc.tlog\link.9844.delete.1.tlog
d:\programming\cpp\projects\exptrc\exptrc\x64\debug\exptrc.tlog\link.9988.delete.1.tlog
d:\programming\cpp\projects\exptrc\exptrc\x64\debug\exptrc.tlog\link.command.1.tlog
d:\programming\cpp\projects\exptrc\exptrc\x64\debug\exptrc.tlog\link.delete.1.tlog
d:\programming\cpp\projects\exptrc\exptrc\x64\debug\exptrc.tlog\link.read.1.tlog
d:\programming\cpp\projects\exptrc\exptrc\x64\debug\exptrc.tlog\link.write.1.tlog
d:\programming\cpp\projects\exptrc\exptrc\x64\debug\exptrc.tlog\moc.read.1u.tlog
d:\programming\cpp\projects\exptrc\exptrc\x64\debug\exptrc.tlog\moc.write.1u.tlog
d:\programming\cpp\projects\exptrc\exptrc\x64\debug\exptrc.tlog\rcc.read.1u.tlog
d:\programming\cpp\projects\exptrc\exptrc\x64\debug\exptrc.tlog\rcc.write.1u.tlog
d:\programming\cpp\projects\exptrc\exptrc\x64\debug\exptrc.tlog\uic.read.1u.tlog
d:\programming\cpp\projects\exptrc\exptrc\x64\debug\exptrc.tlog\uic.write.1u.tlog
