  Calculator.cpp
  MainWindow.cpp
  ExpTrc.vcxproj -> D:\dev\Cpp\Projects\ExpTrc\x64\Debug\ExpTrc.exe

Project Performance Summary:
     4680 ms  D:\dev\Cpp\Projects\ExpTrc\ExpTrc\ExpTrc.vcxproj   2 calls
               4680 ms  Build                                      2 calls

Target Performance Summary:
        0 ms  QtQmlCachePrepare                          1 calls
        0 ms  _ResourceCompile                           1 calls
        0 ms  AfterResourceCompile                       1 calls
        0 ms  BeforeResourceCompile                      1 calls
        0 ms  _ClCompile                                 1 calls
        0 ms  AfterClCompile                             1 calls
        0 ms  _GenerateSatelliteAssemblyInputs           1 calls
        0 ms  SelectClCompile                            1 calls
        0 ms  Qt                                         1 calls
        0 ms  CreateSatelliteAssemblies                  1 calls
        0 ms  _Appverifier                               1 calls
        0 ms  _Deploy                                    1 calls
        0 ms  _PopulateCommonStateForGetCopyToOutputDirectoryItems   1 calls
        0 ms  GetCopyToOutputDirectoryXamlAppDefs        1 calls
        0 ms  QtRcc                                      1 calls
        0 ms  QtQmlCache                                 1 calls
        0 ms  QtQmlSetModified                           1 calls
        0 ms  QtQmlCacheLoader                           1 calls
        0 ms  QtRccFilter                                1 calls
        0 ms  QtRccFilterSetModified                     1 calls
        0 ms  QtRccOverrideCpp                           1 calls
        0 ms  QtRccSetModified                           1 calls
        0 ms  ComputeCLCompileGeneratedSbrFiles          1 calls
        0 ms  QtRccInit                                  1 calls
        0 ms  AfterBuildCompileEvent                     1 calls
        0 ms  _BuildCompileAction                        1 calls
        0 ms  BuildCompile                               1 calls
        0 ms  BuildLinkTraverse                          1 calls
        0 ms  _XdcMake                                   1 calls
        0 ms  MakeDirsForXdcMake                         1 calls
        0 ms  ComputeCLCompileGeneratedXDCFiles          1 calls
        0 ms  RegisterOutput                             1 calls
        0 ms  _Manifest                                  1 calls
        0 ms  _ALink                                     1 calls
        0 ms  _Link                                      1 calls
        0 ms  AfterLink                                  1 calls
        0 ms  ComputeLinkImportLibraryOutputsForClean    1 calls
        0 ms  _BscMake                                   1 calls
        0 ms  ComputeLinkSwitches                        1 calls
        0 ms  QtUicSetModified                           2 calls
        0 ms  PreLinkEvent                               1 calls
        0 ms  PrepareResourceNames                       1 calls
        0 ms  CreateCustomManifestResourceNames          1 calls
        0 ms  AssignTargetPaths                          1 calls
        0 ms  ComputeManifestInputsTargets               1 calls
        0 ms  ComputeLinkInputsFromProject               1 calls
        0 ms  ComputeCLGeneratedLinkInputs               1 calls
        0 ms  ComputeManifestGeneratedLinkerInputs       1 calls
        0 ms  ComputeRCGeneratedLinkInputs               1 calls
        0 ms  ComputeRCOutputs                           1 calls
        0 ms  BeforeLink                                 1 calls
        0 ms  ComputeLegacyManifestEmbedding             1 calls
        0 ms  MakeDirsForLink                            1 calls
        0 ms  _GetCopyToOutputDirectoryItemsFromThisProject   1 calls
        0 ms  MakeDirsForBscMake                         1 calls
        0 ms  _PrepareForBuild                           1 calls
        0 ms  _SelectedFiles                             1 calls
        0 ms  PreBuildEvent                              1 calls
        0 ms  BeforeBuildGenerateSources                 1 calls
        0 ms  BuildGenerateSourcesTraverse               1 calls
        0 ms  GetFrameworkPaths                          2 calls
        0 ms  SetTelemetryEnvironmentVariables           1 calls
        0 ms  QtVersion                                  1 calls
        0 ms  CopyFilesToOutputDirectory                 1 calls
        0 ms  SelectCustomBuild                          1 calls
        0 ms  PrepareForRun                              1 calls
        0 ms  AfterBuild                                 1 calls
        0 ms  BuildLink                                  1 calls
        0 ms  PostBuildEvent                             1 calls
        0 ms  _CheckWindowsSDKInstalled                  2 calls
        0 ms  ResolveReferences                          2 calls
        0 ms  AfterResolveReferences                     2 calls
        0 ms  SetCABuildNativeEnvironmentVariables       2 calls
        0 ms  ExpandSDKReferences                        2 calls
        0 ms  GetReferenceAssemblyPaths                  2 calls
        0 ms  ResolveSDKReferences                       2 calls
        0 ms  PrepareProjectReferences                   2 calls
        0 ms  BuildGenerateSources                       1 calls
        0 ms  QtGetDefaultClCompile                      1 calls
        0 ms  BeforeResolveReferences                    2 calls
        0 ms  _CopySourceItemsToOutputDirectory          1 calls
        0 ms  IncrementalClean                           1 calls
        0 ms  _SplitProjectReferencesByFileExistence     2 calls
        0 ms  FindReferenceAssembliesForReferences       1 calls
        0 ms  ComputeCLInputPDBName                      1 calls
        0 ms  BeforeClCompile                            1 calls
        0 ms  BuildCompileTraverse                       1 calls
        0 ms  _Xsd                                       1 calls
        0 ms  _BuildGenerateSourcesAction                1 calls
        0 ms  _BuildLinkAction                           1 calls
        0 ms  AfterBuildGenerateSourcesEvent             1 calls
        0 ms  AfterBuildGenerateSources                  1 calls
        0 ms  _Midl                                      1 calls
        0 ms  AfterMidl                                  1 calls
        0 ms  ComputeMIDLGeneratedCompileInputs          1 calls
        0 ms  MakeDirsForMidl                            1 calls
        1 ms  MakeDirsForResourceCompile                 1 calls
        1 ms  MakeDirsForCl                              1 calls
        1 ms  ComputeReferenceCLInput                    1 calls
        1 ms  QtQml                                      1 calls
        1 ms  ComputeCustomBuildOutput                   1 calls
        1 ms  ResolvedXDCMake                            1 calls
        1 ms  DoLinkOutputFilesMatch                     1 calls
        1 ms  _GetProjectReferenceTargetFrameworkProperties   2 calls
        1 ms  _PrepareForReferenceResolution             2 calls
        1 ms  ResolveAssemblyReferences                  2 calls
        1 ms  QtRccPrepare                               1 calls
        1 ms  FixupCLCompileOptions                      1 calls
        1 ms  _CheckForInvalidConfigurationAndPlatform   2 calls
        1 ms  _CheckForCompileOutputs                    1 calls
        1 ms  CopyFileToFolders                          1 calls
        1 ms  QtUicPrepare                               2 calls
        1 ms  QtMocInit                                  2 calls
        1 ms  QtUicInit                                  2 calls
        1 ms  QtMocSetModified                           9 calls
        1 ms  SplitResourcesByCulture                    1 calls
        1 ms  ComputeCLOutputs                           1 calls
        1 ms  QtVarsPrepare                              1 calls
        1 ms  ResolveProjectReferences                   2 calls
        1 ms  GetCopyToOutputDirectoryItems              1 calls
        1 ms  _GetCopyToOutputDirectoryItemsFromTransitiveProjectReferences   1 calls
        1 ms  Build                                      2 calls
        1 ms  CustomBuild                                1 calls
        1 ms  QtVars                                     1 calls
        1 ms  QtPrepare                                  1 calls
        2 ms  FinalizeBuildStatus                        2 calls
        2 ms  QtUic                                      2 calls
        2 ms  GetResolvedWinMD                           2 calls
        2 ms  SetBuildDefaultEnvironmentVariables        2 calls
        3 ms  QtMocPrepare                               9 calls
        3 ms  AssignProjectConfiguration                 2 calls
        4 ms  InitializeBuildStatus                      2 calls
        5 ms  QtMocOverrideCpp                           9 calls
        6 ms  WarnCompileDuplicatedFilename              1 calls
        6 ms  PrepareForBuild                            2 calls
        7 ms  _CleanGetCurrentAndPriorFileWrites         1 calls
       14 ms  QtWorkPrepare                             12 calls
       20 ms  QtMoc                                      9 calls
       24 ms  QtWork                                     1 calls
       66 ms  QtRccSetDependencies                       1 calls
      259 ms  Link                                       1 calls
     1875 ms  ClCompile                                  1 calls
     2346 ms  QtOuterBuild                               1 calls

Task Performance Summary:
        0 ms  ConvertToAbsolutePath                      1 calls
        0 ms  AssignCulture                              1 calls
        0 ms  Message                                    5 calls
        0 ms  CheckVCToolsetVersion                      2 calls
        0 ms  ReadLinesFromFile                          5 calls
        0 ms  Delete                                     3 calls
        0 ms  CreateProperty                             3 calls
        1 ms  AssignProjectConfiguration                 2 calls
        1 ms  FindInList                                12 calls
        1 ms  RemoveDuplicates                           2 calls
        1 ms  AssignTargetPath                           7 calls
        1 ms  CallTarget                                 2 calls
        1 ms  Expand                                     1 calls
        2 ms  FindUnderPath                              5 calls
        2 ms  Touch                                      4 calls
        2 ms  SetEnv                                    13 calls
        2 ms  GetItemHash                               12 calls
        2 ms  GetOutOfDateItems                          3 calls
        3 ms  MakeDir                                   11 calls
       10 ms  WriteLinesToFile                          21 calls
       65 ms  Exec                                       1 calls
      256 ms  Link                                       1 calls
     1872 ms  CL                                         2 calls
     2346 ms  MSBuild                                    3 calls
