d:\dev\cpp\projects\exptrc\exptrc\x64\release\moc_combobox.obj
d:\dev\cpp\projects\exptrc\exptrc\x64\release\moc_spinbox.obj
d:\dev\cpp\projects\exptrc\exptrc\x64\release\moc_checkbox.obj
d:\dev\cpp\projects\exptrc\exptrc\x64\release\moc_mainwindow.obj
d:\dev\cpp\projects\exptrc\exptrc\x64\release\moc_textbox.obj
d:\dev\cpp\projects\exptrc\exptrc\x64\release\qrc_mainwindow.obj
d:\dev\cpp\projects\exptrc\exptrc\x64\release\moc_listbox.obj
d:\dev\cpp\projects\exptrc\exptrc\x64\release\moc_loginwindow.obj
d:\dev\cpp\projects\exptrc\exptrc\x64\release\moc_button.obj
d:\dev\cpp\projects\exptrc\exptrc\x64\release\moc_plaintext.obj
d:\dev\cpp\projects\exptrc\exptrc\x64\release\expense.obj
d:\dev\cpp\projects\exptrc\exptrc\x64\release\checkbox.obj
d:\dev\cpp\projects\exptrc\exptrc\x64\release\listbox.obj
d:\dev\cpp\projects\exptrc\exptrc\x64\release\spinbox.obj
d:\dev\cpp\projects\exptrc\exptrc\x64\release\json.obj
d:\dev\cpp\projects\exptrc\exptrc\x64\release\combobox.obj
d:\dev\cpp\projects\exptrc\exptrc\x64\release\plaintext.obj
d:\dev\cpp\projects\exptrc\exptrc\x64\release\user.obj
d:\dev\cpp\projects\exptrc\exptrc\x64\release\calculator.obj
d:\dev\cpp\projects\exptrc\exptrc\x64\release\button.obj
d:\dev\cpp\projects\exptrc\exptrc\x64\release\main.obj
d:\dev\cpp\projects\exptrc\exptrc\x64\release\textbox.obj
d:\dev\cpp\projects\exptrc\exptrc\x64\release\config.obj
d:\dev\cpp\projects\exptrc\exptrc\x64\release\loginwindow.obj
d:\dev\cpp\projects\exptrc\exptrc\x64\release\mainwindow.obj
d:\dev\cpp\projects\exptrc\exptrc\x64\release\timer.obj
d:\dev\cpp\projects\exptrc\exptrc\x64\release\uic\form\ui_loginwindow.h
d:\dev\cpp\projects\exptrc\exptrc\x64\release\uic\form\ui_mainwindow.h
d:\dev\cpp\projects\exptrc\exptrc\x64\release\rcc\qrc_mainwindow.cpp
d:\dev\cpp\projects\exptrc\exptrc\x64\release\moc\header\moc_mainwindow.cpp
d:\dev\cpp\projects\exptrc\exptrc\x64\release\moc\header\moc_button.cpp
d:\dev\cpp\projects\exptrc\exptrc\x64\release\moc\header\moc_combobox.cpp
d:\dev\cpp\projects\exptrc\exptrc\x64\release\moc\header\moc_listbox.cpp
d:\dev\cpp\projects\exptrc\exptrc\x64\release\moc\header\moc_plaintext.cpp
d:\dev\cpp\projects\exptrc\exptrc\x64\release\moc\header\moc_spinbox.cpp
d:\dev\cpp\projects\exptrc\exptrc\x64\release\moc\header\moc_loginwindow.cpp
d:\dev\cpp\projects\exptrc\exptrc\x64\release\moc\header\moc_textbox.cpp
d:\dev\cpp\projects\exptrc\exptrc\x64\release\moc\header\moc_checkbox.cpp
d:\dev\cpp\projects\exptrc\x64\release\exptrc.exe
d:\dev\cpp\projects\exptrc\exptrc\x64\release\\moc\header\moc_mainwindow.cpp
d:\dev\cpp\projects\exptrc\exptrc\x64\release\\moc\header\moc_button.cpp
d:\dev\cpp\projects\exptrc\exptrc\x64\release\\moc\header\moc_combobox.cpp
d:\dev\cpp\projects\exptrc\exptrc\x64\release\\moc\header\moc_listbox.cpp
d:\dev\cpp\projects\exptrc\exptrc\x64\release\\moc\header\moc_plaintext.cpp
d:\dev\cpp\projects\exptrc\exptrc\x64\release\\moc\header\moc_spinbox.cpp
d:\dev\cpp\projects\exptrc\exptrc\x64\release\\moc\header\moc_loginwindow.cpp
d:\dev\cpp\projects\exptrc\exptrc\x64\release\\moc\header\moc_textbox.cpp
d:\dev\cpp\projects\exptrc\exptrc\x64\release\\moc\header\moc_checkbox.cpp
d:\dev\cpp\projects\exptrc\exptrc\x64\release\expensetracker.res
d:\dev\cpp\projects\exptrc\exptrc\x64\release\\rcc\qrc_mainwindow.cpp
d:\dev\cpp\projects\exptrc\exptrc\x64\release\\uic\form\ui_loginwindow.h
d:\dev\cpp\projects\exptrc\exptrc\x64\release\\uic\form\ui_mainwindow.h
d:\dev\cpp\projects\exptrc\exptrc\x64\release\exptrc.tlog\cl.10608.write.1.tlog
d:\dev\cpp\projects\exptrc\exptrc\x64\release\exptrc.tlog\cl.command.1.tlog
d:\dev\cpp\projects\exptrc\exptrc\x64\release\exptrc.tlog\cl.read.1.tlog
d:\dev\cpp\projects\exptrc\exptrc\x64\release\exptrc.tlog\exptrc.write.1u.tlog
d:\dev\cpp\projects\exptrc\exptrc\x64\release\exptrc.tlog\link.command.1.tlog
d:\dev\cpp\projects\exptrc\exptrc\x64\release\exptrc.tlog\link.read.1.tlog
d:\dev\cpp\projects\exptrc\exptrc\x64\release\exptrc.tlog\link.write.1.tlog
d:\dev\cpp\projects\exptrc\exptrc\x64\release\exptrc.tlog\moc.read.1u.tlog
d:\dev\cpp\projects\exptrc\exptrc\x64\release\exptrc.tlog\moc.write.1u.tlog
d:\dev\cpp\projects\exptrc\exptrc\x64\release\exptrc.tlog\rc.command.1.tlog
d:\dev\cpp\projects\exptrc\exptrc\x64\release\exptrc.tlog\rc.read.1.tlog
d:\dev\cpp\projects\exptrc\exptrc\x64\release\exptrc.tlog\rc.write.1.tlog
d:\dev\cpp\projects\exptrc\exptrc\x64\release\exptrc.tlog\rcc.read.1u.tlog
d:\dev\cpp\projects\exptrc\exptrc\x64\release\exptrc.tlog\rcc.write.1u.tlog
d:\dev\cpp\projects\exptrc\exptrc\x64\release\exptrc.tlog\uic.read.1u.tlog
d:\dev\cpp\projects\exptrc\exptrc\x64\release\exptrc.tlog\uic.write.1u.tlog
